$ vite build

(!) Some chunks are larger than 500 kB after minification. Consider:
- Using dynamic import() to code-split the application
- Use build.rollupOptions.output.manualChunks to improve chunking: https://rollupjs.org/configuration-options/#output-manualchunks
- Adjust chunk size limit for this warning via build.chunkSizeWarningLimit.
"createRequestHandler", "defineHandlerCallback", "transformPipeableStreamWithRouter" and "transformReadableStreamWithRouter" are imported from external module "@tanstack/router-core/ssr/server" but never used in "node_modules/@tanstack/start-server-core/dist/esm/index.js".
"RawStream" is imported from external module "@tanstack/router-core" but never used in "node_modules/@tanstack/start-client-core/dist/esm/index.js".
"hydrate" and "json" are imported from external module "@tanstack/router-core/ssr/client" but never used in "node_modules/@tanstack/start-client-core/dist/esm/index.js".
Unknown input options: platform. Allowed options: cache, context, experimentalCacheExpiry, experimentalLogSideEffects, external, fs, input, jsx, logLevel, makeAbsoluteExternalsRelative, maxParallelFileOps, moduleContext, onLog, onwarn, perf, plugins, preserveEntrySignatures, preserveSymlinks, shimMissingExports, strictDeprecations, treeshake, watch
node_modules/@tanstack/react-router/dist/esm/index.js (1:0): Module level directives cause errors when bundled, "use client" in "node_modules/@tanstack/react-router/dist/esm/index.js" was ignored.
node_modules/sonner/dist/index.mjs (1:0): Module level directives cause errors when bundled, "use client" in "node_modules/sonner/dist/index.mjs" was ignored.
node_modules/@tanstack/react-router/dist/esm/ClientOnly.js (1:0): Module level directives cause errors when bundled, "use client" in "node_modules/@tanstack/react-router/dist/esm/ClientOnly.js" was ignored.
node_modules/@tanstack/react-router/dist/esm/useNavigate.js (1:0): Module level directives cause errors when bundled, "use client" in "node_modules/@tanstack/react-router/dist/esm/useNavigate.js" was ignored.
node_modules/@tanstack/react-router/dist/esm/Match.js (1:0): Module level directives cause errors when bundled, "use client" in "node_modules/@tanstack/react-router/dist/esm/Match.js" was ignored.
node_modules/@tanstack/react-router/dist/esm/RouterProvider.js (1:0): Module level directives cause errors when bundled, "use client" in "node_modules/@tanstack/react-router/dist/esm/RouterProvider.js" was ignored.
node_modules/@tanstack/react-router/dist/esm/useRouterState.js (1:0): Module level directives cause errors when bundled, "use client" in "node_modules/@tanstack/react-router/dist/esm/useRouterState.js" was ignored.
node_modules/@tanstack/react-router/dist/esm/useBlocker.js (1:0): Module level directives cause errors when bundled, "use client" in "node_modules/@tanstack/react-router/dist/esm/useBlocker.js" was ignored.
node_modules/@tanstack/react-router/dist/esm/useLocation.js (1:0): Module level directives cause errors when bundled, "use client" in "node_modules/@tanstack/react-router/dist/esm/useLocation.js" was ignored.
node_modules/@tanstack/react-router/dist/esm/HeadContent.js (1:0): Module level directives cause errors when bundled, "use client" in "node_modules/@tanstack/react-router/dist/esm/HeadContent.js" was ignored.
node_modules/@tanstack/react-router/dist/esm/useRouter.js (1:0): Module level directives cause errors when bundled, "use client" in "node_modules/@tanstack/react-router/dist/esm/useRouter.js" was ignored.
node_modules/@tanstack/react-router/dist/esm/useMatch.js (1:0): Module level directives cause errors when bundled, "use client" in "node_modules/@tanstack/react-router/dist/esm/useMatch.js" was ignored.
node_modules/@tanstack/react-router/dist/esm/CatchBoundary.js (1:0): Module level directives cause errors when bundled, "use client" in "node_modules/@tanstack/react-router/dist/esm/CatchBoundary.js" was ignored.
node_modules/@tanstack/react-router/dist/esm/Matches.js (1:0): Module level directives cause errors when bundled, "use client" in "node_modules/@tanstack/react-router/dist/esm/Matches.js" was ignored.
node_modules/@tanstack/react-router/dist/esm/link.js (1:0): Module level directives cause errors when bundled, "use client" in "node_modules/@tanstack/react-router/dist/esm/link.js" was ignored.
node_modules/@tanstack/react-router/dist/esm/Asset.js (1:0): Module level directives cause errors when bundled, "use client" in "node_modules/@tanstack/react-router/dist/esm/Asset.js" was ignored.
node_modules/@tanstack/react-query/build/modern/useQuery.js (1:0): Module level directives cause errors when bundled, "use client" in "node_modules/@tanstack/react-query/build/modern/useQuery.js" was ignored.
node_modules/@tanstack/react-query/build/modern/QueryClientProvider.js (1:0): Module level directives cause errors when bundled, "use client" in "node_modules/@tanstack/react-query/build/modern/QueryClientProvider.js" was ignored.
node_modules/@tanstack/react-query/build/modern/HydrationBoundary.js (1:0): Module level directives cause errors when bundled, "use client" in "node_modules/@tanstack/react-query/build/modern/HydrationBoundary.js" was ignored.
node_modules/@tanstack/react-query/build/modern/useMutationState.js (1:0): Module level directives cause errors when bundled, "use client" in "node_modules/@tanstack/react-query/build/modern/useMutationState.js" was ignored.
node_modules/@tanstack/react-query/build/modern/useMutation.js (1:0): Module level directives cause errors when bundled, "use client" in "node_modules/@tanstack/react-query/build/modern/useMutation.js" was ignored.
node_modules/@tanstack/react-query/build/modern/useInfiniteQuery.js (1:0): Module level directives cause errors when bundled, "use client" in "node_modules/@tanstack/react-query/build/modern/useInfiniteQuery.js" was ignored.
node_modules/@tanstack/react-query/build/modern/IsRestoringProvider.js (1:0): Module level directives cause errors when bundled, "use client" in "node_modules/@tanstack/react-query/build/modern/IsRestoringProvider.js" was ignored.
node_modules/@tanstack/react-query/build/modern/QueryErrorResetBoundary.js (1:0): Module level directives cause errors when bundled, "use client" in "node_modules/@tanstack/react-query/build/modern/QueryErrorResetBoundary.js" was ignored.
node_modules/@tanstack/react-query/build/modern/useIsFetching.js (1:0): Module level directives cause errors when bundled, "use client" in "node_modules/@tanstack/react-query/build/modern/useIsFetching.js" was ignored.
node_modules/@tanstack/react-query/build/modern/useQueries.js (1:0): Module level directives cause errors when bundled, "use client" in "node_modules/@tanstack/react-query/build/modern/useQueries.js" was ignored.
node_modules/framer-motion/dist/es/components/AnimatePresence/PopChild.mjs (1:0): Module level directives cause errors when bundled, "use client" in "node_modules/framer-motion/dist/es/components/AnimatePresence/PopChild.mjs" was ignored.
node_modules/framer-motion/dist/es/components/AnimatePresence/PresenceChild.mjs (1:0): Module level directives cause errors when bundled, "use client" in "node_modules/framer-motion/dist/es/components/AnimatePresence/PresenceChild.mjs" was ignored.
node_modules/framer-motion/dist/es/components/MotionConfig/index.mjs (1:0): Module level directives cause errors when bundled, "use client" in "node_modules/framer-motion/dist/es/components/MotionConfig/index.mjs" was ignored.
node_modules/framer-motion/dist/es/components/LayoutGroup/index.mjs (1:0): Module level directives cause errors when bundled, "use client" in "node_modules/framer-motion/dist/es/components/LayoutGroup/index.mjs" was ignored.
node_modules/framer-motion/dist/es/components/LazyMotion/index.mjs (1:0): Module level directives cause errors when bundled, "use client" in "node_modules/framer-motion/dist/es/components/LazyMotion/index.mjs" was ignored.
node_modules/framer-motion/dist/es/motion/utils/use-visual-state.mjs (1:0): Module level directives cause errors when bundled, "use client" in "node_modules/framer-motion/dist/es/motion/utils/use-visual-state.mjs" was ignored.
node_modules/framer-motion/dist/es/utils/use-force-update.mjs (1:0): Module level directives cause errors when bundled, "use client" in "node_modules/framer-motion/dist/es/utils/use-force-update.mjs" was ignored.
node_modules/framer-motion/dist/es/utils/use-isomorphic-effect.mjs (1:0): Module level directives cause errors when bundled, "use client" in "node_modules/framer-motion/dist/es/utils/use-isomorphic-effect.mjs" was ignored.
node_modules/framer-motion/dist/es/utils/use-unmount-effect.mjs (1:0): Module level directives cause errors when bundled, "use client" in "node_modules/framer-motion/dist/es/utils/use-unmount-effect.mjs" was ignored.
node_modules/framer-motion/dist/es/render/dom/features-animation.mjs (1:0): Module level directives cause errors when bundled, "use client" in "node_modules/framer-motion/dist/es/render/dom/features-animation.mjs" was ignored.
node_modules/framer-motion/dist/es/render/dom/features-max.mjs (1:0): Module level directives cause errors when bundled, "use client" in "node_modules/framer-motion/dist/es/render/dom/features-max.mjs" was ignored.
node_modules/framer-motion/dist/es/render/dom/features-min.mjs (1:0): Module level directives cause errors when bundled, "use client" in "node_modules/framer-motion/dist/es/render/dom/features-min.mjs" was ignored.
node_modules/framer-motion/dist/es/utils/use-motion-value-event.mjs (1:0): Module level directives cause errors when bundled, "use client" in "node_modules/framer-motion/dist/es/utils/use-motion-value-event.mjs" was ignored.
node_modules/framer-motion/dist/es/value/use-motion-template.mjs (1:0): Module level directives cause errors when bundled, "use client" in "node_modules/framer-motion/dist/es/value/use-motion-template.mjs" was ignored.
node_modules/framer-motion/dist/es/value/use-follow-value.mjs (1:0): Module level directives cause errors when bundled, "use client" in "node_modules/framer-motion/dist/es/value/use-follow-value.mjs" was ignored.
node_modules/framer-motion/dist/es/value/use-time.mjs (1:0): Module level directives cause errors when bundled, "use client" in "node_modules/framer-motion/dist/es/value/use-time.mjs" was ignored.
node_modules/framer-motion/dist/es/value/use-scroll.mjs (1:0): Module level directives cause errors when bundled, "use client" in "node_modules/framer-motion/dist/es/value/use-scroll.mjs" was ignored.
node_modules/framer-motion/dist/es/value/use-spring.mjs (1:0): Module level directives cause errors when bundled, "use client" in "node_modules/framer-motion/dist/es/value/use-spring.mjs" was ignored.
node_modules/framer-motion/dist/es/value/use-motion-value.mjs (1:0): Module level directives cause errors when bundled, "use client" in "node_modules/framer-motion/dist/es/value/use-motion-value.mjs" was ignored.
node_modules/framer-motion/dist/es/value/use-transform.mjs (1:0): Module level directives cause errors when bundled, "use client" in "node_modules/framer-motion/dist/es/value/use-transform.mjs" was ignored.
node_modules/framer-motion/dist/es/value/use-velocity.mjs (1:0): Module level directives cause errors when bundled, "use client" in "node_modules/framer-motion/dist/es/value/use-velocity.mjs" was ignored.
node_modules/framer-motion/dist/es/utils/reduced-motion/use-reduced-motion-config.mjs (1:0): Module level directives cause errors when bundled, "use client" in "node_modules/framer-motion/dist/es/utils/reduced-motion/use-reduced-motion-config.mjs" was ignored.
node_modules/framer-motion/dist/es/value/use-will-change/index.mjs (1:0): Module level directives cause errors when bundled, "use client" in "node_modules/framer-motion/dist/es/value/use-will-change/index.mjs" was ignored.
node_modules/framer-motion/dist/es/animation/hooks/use-animate.mjs (1:0): Module level directives cause errors when bundled, "use client" in "node_modules/framer-motion/dist/es/animation/hooks/use-animate.mjs" was ignored.
node_modules/framer-motion/dist/es/animation/hooks/use-animation.mjs (1:0): Module level directives cause errors when bundled, "use client" in "node_modules/framer-motion/dist/es/animation/hooks/use-animation.mjs" was ignored.
node_modules/framer-motion/dist/es/components/AnimatePresence/use-presence.mjs (1:0): Module level directives cause errors when bundled, "use client" in "node_modules/framer-motion/dist/es/components/AnimatePresence/use-presence.mjs" was ignored.
node_modules/framer-motion/dist/es/animation/hooks/use-animate-style.mjs (1:0): Module level directives cause errors when bundled, "use client" in "node_modules/framer-motion/dist/es/animation/hooks/use-animate-style.mjs" was ignored.
node_modules/framer-motion/dist/es/events/use-dom-event.mjs (1:0): Module level directives cause errors when bundled, "use client" in "node_modules/framer-motion/dist/es/events/use-dom-event.mjs" was ignored.
node_modules/framer-motion/dist/es/components/AnimatePresence/use-presence-data.mjs (1:0): Module level directives cause errors when bundled, "use client" in "node_modules/framer-motion/dist/es/components/AnimatePresence/use-presence-data.mjs" was ignored.
node_modules/framer-motion/dist/es/utils/use-cycle.mjs (1:0): Module level directives cause errors when bundled, "use client" in "node_modules/framer-motion/dist/es/utils/use-cycle.mjs" was ignored.
node_modules/framer-motion/dist/es/utils/use-in-view.mjs (1:0): Module level directives cause errors when bundled, "use client" in "node_modules/framer-motion/dist/es/utils/use-in-view.mjs" was ignored.
node_modules/framer-motion/dist/es/utils/use-instant-transition.mjs (1:0): Module level directives cause errors when bundled, "use client" in "node_modules/framer-motion/dist/es/utils/use-instant-transition.mjs" was ignored.
node_modules/framer-motion/dist/es/context/LayoutGroupContext.mjs (1:0): Module level directives cause errors when bundled, "use client" in "node_modules/framer-motion/dist/es/context/LayoutGroupContext.mjs" was ignored.
node_modules/framer-motion/dist/es/context/MotionConfigContext.mjs (1:0): Module level directives cause errors when bundled, "use client" in "node_modules/framer-motion/dist/es/context/MotionConfigContext.mjs" was ignored.
node_modules/framer-motion/dist/es/context/PresenceContext.mjs (1:0): Module level directives cause errors when bundled, "use client" in "node_modules/framer-motion/dist/es/context/PresenceContext.mjs" was ignored.
node_modules/framer-motion/dist/es/context/MotionContext/index.mjs (1:0): Module level directives cause errors when bundled, "use client" in "node_modules/framer-motion/dist/es/context/MotionContext/index.mjs" was ignored.
node_modules/framer-motion/dist/es/context/SwitchLayoutGroupContext.mjs (1:0): Module level directives cause errors when bundled, "use client" in "node_modules/framer-motion/dist/es/context/SwitchLayoutGroupContext.mjs" was ignored.
node_modules/framer-motion/dist/es/components/AnimateSharedLayout.mjs (1:0): Module level directives cause errors when bundled, "use client" in "node_modules/framer-motion/dist/es/components/AnimateSharedLayout.mjs" was ignored.
node_modules/framer-motion/dist/es/context/DeprecatedLayoutGroupContext.mjs (1:0): Module level directives cause errors when bundled, "use client" in "node_modules/framer-motion/dist/es/context/DeprecatedLayoutGroupContext.mjs" was ignored.
node_modules/framer-motion/dist/es/animation/hooks/use-animated-state.mjs (1:0): Module level directives cause errors when bundled, "use client" in "node_modules/framer-motion/dist/es/animation/hooks/use-animated-state.mjs" was ignored.
node_modules/framer-motion/dist/es/utils/use-page-in-view.mjs (1:0): Module level directives cause errors when bundled, "use client" in "node_modules/framer-motion/dist/es/utils/use-page-in-view.mjs" was ignored.
node_modules/framer-motion/dist/es/value/use-inverted-scale.mjs (1:0): Module level directives cause errors when bundled, "use client" in "node_modules/framer-motion/dist/es/value/use-inverted-scale.mjs" was ignored.
node_modules/framer-motion/dist/es/utils/use-animation-frame.mjs (1:0): Module level directives cause errors when bundled, "use client" in "node_modules/framer-motion/dist/es/utils/use-animation-frame.mjs" was ignored.
node_modules/@tanstack/react-router/dist/esm/utils.js (1:0): Module level directives cause errors when bundled, "use client" in "node_modules/@tanstack/react-router/dist/esm/utils.js" was ignored.
node_modules/@tanstack/react-query/build/modern/useSuspenseInfiniteQuery.js (1:0): Module level directives cause errors when bundled, "use client" in "node_modules/@tanstack/react-query/build/modern/useSuspenseInfiniteQuery.js" was ignored.
node_modules/@tanstack/react-query/build/modern/useSuspenseQueries.js (1:0): Module level directives cause errors when bundled, "use client" in "node_modules/@tanstack/react-query/build/modern/useSuspenseQueries.js" was ignored.
node_modules/@tanstack/react-query/build/modern/useSuspenseQuery.js (1:0): Module level directives cause errors when bundled, "use client" in "node_modules/@tanstack/react-query/build/modern/useSuspenseQuery.js" was ignored.
node_modules/framer-motion/dist/es/utils/reduced-motion/use-reduced-motion.mjs (1:0): Module level directives cause errors when bundled, "use client" in "node_modules/framer-motion/dist/es/utils/reduced-motion/use-reduced-motion.mjs" was ignored.
node_modules/framer-motion/dist/es/components/AnimatePresence/index.mjs (1:0): Module level directives cause errors when bundled, "use client" in "node_modules/framer-motion/dist/es/components/AnimatePresence/index.mjs" was ignored.
node_modules/@tanstack/react-router/dist/esm/matchContext.js (1:0): Module level directives cause errors when bundled, "use client" in "node_modules/@tanstack/react-router/dist/esm/matchContext.js" was ignored.
node_modules/@tanstack/react-router/dist/esm/routerContext.js (1:0): Module level directives cause errors when bundled, "use client" in "node_modules/@tanstack/react-router/dist/esm/routerContext.js" was ignored.
node_modules/@tanstack/react-router/dist/esm/Transitioner.js (1:0): Module level directives cause errors when bundled, "use client" in "node_modules/@tanstack/react-router/dist/esm/Transitioner.js" was ignored.
node_modules/framer-motion/dist/es/utils/use-constant.mjs (1:0): Module level directives cause errors when bundled, "use client" in "node_modules/framer-motion/dist/es/utils/use-constant.mjs" was ignored.
node_modules/@tanstack/react-query/build/modern/errorBoundaryUtils.js (1:0): Module level directives cause errors when bundled, "use client" in "node_modules/@tanstack/react-query/build/modern/errorBoundaryUtils.js" was ignored.
node_modules/framer-motion/dist/es/context/LazyContext.mjs (1:0): Module level directives cause errors when bundled, "use client" in "node_modules/framer-motion/dist/es/context/LazyContext.mjs" was ignored.
node_modules/framer-motion/dist/es/utils/use-is-mounted.mjs (1:0): Module level directives cause errors when bundled, "use client" in "node_modules/framer-motion/dist/es/utils/use-is-mounted.mjs" was ignored.
node_modules/framer-motion/dist/es/value/use-combine-values.mjs (1:0): Module level directives cause errors when bundled, "use client" in "node_modules/framer-motion/dist/es/value/use-combine-values.mjs" was ignored.
node_modules/framer-motion/dist/es/value/use-computed.mjs (1:0): Module level directives cause errors when bundled, "use client" in "node_modules/framer-motion/dist/es/value/use-computed.mjs" was ignored.
node_modules/framer-motion/dist/es/components/Reorder/Group.mjs (1:0): Module level directives cause errors when bundled, "use client" in "node_modules/framer-motion/dist/es/components/Reorder/Group.mjs" was ignored.
node_modules/framer-motion/dist/es/components/Reorder/Item.mjs (1:0): Module level directives cause errors when bundled, "use client" in "node_modules/framer-motion/dist/es/components/Reorder/Item.mjs" was ignored.
node_modules/@tanstack/react-query/build/modern/useBaseQuery.js (1:0): Module level directives cause errors when bundled, "use client" in "node_modules/@tanstack/react-query/build/modern/useBaseQuery.js" was ignored.
node_modules/framer-motion/dist/es/motion/features/layout/MeasureLayout.mjs (1:0): Module level directives cause errors when bundled, "use client" in "node_modules/framer-motion/dist/es/motion/features/layout/MeasureLayout.mjs" was ignored.
node_modules/framer-motion/dist/es/context/ReorderContext.mjs (1:0): Module level directives cause errors when bundled, "use client" in "node_modules/framer-motion/dist/es/context/ReorderContext.mjs" was ignored.
node_modules/framer-motion/dist/es/motion/index.mjs (1:0): Module level directives cause errors when bundled, "use client" in "node_modules/framer-motion/dist/es/motion/index.mjs" was ignored.
node_modules/framer-motion/dist/es/context/MotionContext/create.mjs (1:0): Module level directives cause errors when bundled, "use client" in "node_modules/framer-motion/dist/es/context/MotionContext/create.mjs" was ignored.
node_modules/framer-motion/dist/es/render/dom/use-render.mjs (1:0): Module level directives cause errors when bundled, "use client" in "node_modules/framer-motion/dist/es/render/dom/use-render.mjs" was ignored.
node_modules/framer-motion/dist/es/motion/utils/use-motion-ref.mjs (1:0): Module level directives cause errors when bundled, "use client" in "node_modules/framer-motion/dist/es/motion/utils/use-motion-ref.mjs" was ignored.
node_modules/framer-motion/dist/es/render/svg/use-svg-visual-state.mjs (1:0): Module level directives cause errors when bundled, "use client" in "node_modules/framer-motion/dist/es/render/svg/use-svg-visual-state.mjs" was ignored.
node_modules/framer-motion/dist/es/render/html/use-html-visual-state.mjs (1:0): Module level directives cause errors when bundled, "use client" in "node_modules/framer-motion/dist/es/render/html/use-html-visual-state.mjs" was ignored.
node_modules/framer-motion/dist/es/motion/utils/use-visual-element.mjs (1:0): Module level directives cause errors when bundled, "use client" in "node_modules/framer-motion/dist/es/motion/utils/use-visual-element.mjs" was ignored.
node_modules/framer-motion/dist/es/render/svg/use-props.mjs (1:0): Module level directives cause errors when bundled, "use client" in "node_modules/framer-motion/dist/es/render/svg/use-props.mjs" was ignored.
node_modules/framer-motion/dist/es/render/html/use-props.mjs (1:0): Module level directives cause errors when bundled, "use client" in "node_modules/framer-motion/dist/es/render/html/use-props.mjs" was ignored.

[nitro]  WARN  [cloudflare] Wrangler config main is overridden and will be ignored.

Error [ERR_MODULE_NOT_FOUND]: Cannot find module '/dev-server/dist/server/server.js' imported from /dev-server/node_modules/@tanstack/start-plugin-core/dist/esm/vite/preview-server-plugin/plugin.js
    at finalizeResolution (node:internal/modules/esm/resolve:274:11)
    at moduleResolve (node:internal/modules/esm/resolve:859:10)
    at defaultResolve (node:internal/modules/esm/resolve:983:11)
    at nextResolve (node:internal/modules/esm/hooks:748:28)
    at o (file:///dev-server/node_modules/@tailwindcss/node/dist/esm-cache.loader.mjs:1:69)
    at nextResolve (node:internal/modules/esm/hooks:748:28)
    at Hooks.resolve (node:internal/modules/esm/hooks:240:30)
    at MessagePort.handleMessage (node:internal/modules/esm/worker:199:24)
    at [nodejs.internal.kHybridDispatch] (node:internal/event_target:845:20)
    at MessagePort.<anonymous> (node:internal/per_context/messageport:23:28)
file:///dev-server/node_modules/@tanstack/start-plugin-core/dist/esm/prerender.js:81
						throw new Error(`Failed to fetch ${page.path}: ${res.statusText}`, { cause: res });
						      ^

Error: Failed to fetch /: Internal Server Error
    at file:///dev-server/node_modules/@tanstack/start-plugin-core/dist/esm/prerender.js:81:13
    at process.processTicksAndRejections (node:internal/process/task_queues:105:5)
    at async file:///dev-server/node_modules/@tanstack/start-plugin-core/dist/esm/queue.js:35:12 {
  [cause]: Response {
    [Symbol(state)]: {
      aborted: false,
      rangeRequested: false,
      timingAllowPassed: true,
      requestIncludesCredentials: true,
      type: 'default',
      status: 500,
      timingInfo: {
        startTime: 16235.258553,
        redirectStartTime: 0,
        redirectEndTime: 0,
        postRedirectStartTime: 16235.258553,
        finalServiceWorkerStartTime: 0,
        finalNetworkResponseStartTime: 16259.915333,
        finalNetworkRequestStartTime: 16242.928035,
        endTime: 0,
        encodedBodySize: 503,
        decodedBodySize: 0,
        finalConnectionTimingInfo: {
          domainLookupStartTime: 16235.258553,
          domainLookupEndTime: 16235.258553,
          connectionStartTime: 16235.258553,
          connectionEndTime: 16235.258553,
          secureConnectionStartTime: 16235.258553,
          ALPNNegotiatedProtocol: undefined
        }
      },
      cacheState: '',
      statusText: 'Internal Server Error',
      headersList: HeadersList {
        cookies: null,
        [Symbol(headers map)]: Map(9) {
          'vary' => { name: 'vary', value: 'Origin' },
          'content-security-policy' => {
            name: 'content-security-policy',
            value: "default-src 'none'"
          },
          'x-content-type-options' => { name: 'x-content-type-options', value: 'nosniff' },
          'content-type' => { name: 'content-type', value: 'text/html; charset=utf-8' },
          'content-encoding' => { name: 'content-encoding', value: 'gzip' },
          'date' => { name: 'date', value: 'Thu, 25 Jun 2026 11:55:08 GMT' },
          'connection' => { name: 'connection', value: 'keep-alive' },
          'keep-alive' => { name: 'keep-alive', value: 'timeout=5' },
          'transfer-encoding' => { name: 'transfer-encoding', value: 'chunked' }
        },
        [Symbol(headers map sorted)]: null
      },
      urlList: [ http://localhost:33217/ ],
      body: {
        stream: ReadableStream {
          [Symbol(kType)]: 'ReadableStream',
          [Symbol(kState)]: [Object: null prototype] {
            disturbed: false,
            reader: undefined,
            state: 'readable',
            storedError: undefined,
            transfer: [Object: null prototype],
            controller: [ReadableByteStreamController]
          },
          [Symbol(nodejs.webstream.isClosedPromise)]: {
            promise: [Promise],
            resolve: [Function (anonymous)],
            reject: [Function (anonymous)]
          },
          [Symbol(nodejs.webstream.controllerErrorFunction)]: [Function (anonymous)]
        },
        source: null,
        length: null
      }
    },
    [Symbol(headers)]: Headers {}
  }
}

Node.js v22.22.0
error: script "build" exited with code 1
